<?xml version="1.0" encoding="UTF-8"?>
<!-- Generated by org.testng.reporters.JUnitReportReporter -->
<testsuite skipped="0" hostname="SVINLP00321" name="runner.RunCukes" tests="2" failures="0" timestamp="15 Mar 2019 11:48:51 GMT" time="26.389" errors="0">
  <testcase name="feature" time="8.979" classname="runner.RunCukes"/>
  <testcase name="feature" time="17.410" classname="runner.RunCukes"/>
</testsuite> <!-- runner.RunCukes -->
