<?xml version="1.0" encoding="UTF-8"?>
<!-- Generated by org.testng.reporters.JUnitReportReporter -->
<testsuite hostname="SVINLP00321" name="runner.RunCukes" tests="2" failures="0" timestamp="19 Mar 2019 05:58:19 GMT" time="30.159" errors="0">
  <testcase name="feature" time="20.906" classname="runner.RunCukes"/>
  <testcase name="feature" time="9.253" classname="runner.RunCukes"/>
</testsuite> <!-- runner.RunCukes -->
